{
  "stats": {
    "suites": 2,
    "tests": 6,
    "passes": 6,
    "pending": 0,
    "failures": 0,
    "start": "2024-11-11T12:03:43.236Z",
    "end": "2024-11-11T12:03:43.240Z",
    "duration": 4,
    "testsRegistered": 6,
    "passPercent": 100,
    "pendingPercent": 0,
    "other": 0,
    "hasOther": false,
    "skipped": 0,
    "hasSkipped": false
  },
  "results": [
    {
      "uuid": "9a57b24e-59f0-4bce-b65d-5fe3203e6e55",
      "title": "",
      "fullFile": "",
      "file": "",
      "beforeHooks": [],
      "afterHooks": [],
      "tests": [],
      "suites": [
        {
          "uuid": "426eadfe-a5a7-4bfa-ac53-806536881371",
          "title": "test",
          "fullFile": "/Users/kiti.suupohja/Personal Projects/testingcourse/test/add.test.js",
          "file": "/test/add.test.js",
          "beforeHooks": [],
          "afterHooks": [],
          "tests": [
            {
              "title": "should pass",
              "fullTitle": "test should pass",
              "timedOut": false,
              "duration": 0,
              "state": "passed",
              "speed": "fast",
              "pass": true,
              "fail": false,
              "pending": false,
              "context": null,
              "code": "return true;",
              "err": {},
              "uuid": "d2ef3b1a-5177-4be4-916b-d3735a619a39",
              "parentUUID": "426eadfe-a5a7-4bfa-ac53-806536881371",
              "isHook": false,
              "skipped": false
            }
          ],
          "suites": [],
          "passes": [
            "d2ef3b1a-5177-4be4-916b-d3735a619a39"
          ],
          "failures": [],
          "pending": [],
          "skipped": [],
          "duration": 0,
          "root": false,
          "rootEmpty": false,
          "_timeout": 2000
        },
        {
          "uuid": "f595c2d6-f365-445e-92f4-68e51c5e2e23",
          "title": "add",
          "fullFile": "/Users/kiti.suupohja/Personal Projects/testingcourse/test/add.test.js",
          "file": "/test/add.test.js",
          "beforeHooks": [],
          "afterHooks": [],
          "tests": [
            {
              "title": "should return 5 when adding 2 and 3",
              "fullTitle": "add should return 5 when adding 2 and 3",
              "timedOut": false,
              "duration": 0,
              "state": "passed",
              "speed": "fast",
              "pass": true,
              "fail": false,
              "pending": false,
              "context": null,
              "code": "chai.expect(add(2, 3)).to.equal(5);",
              "err": {},
              "uuid": "1aa66d88-e36f-4a52-a8f9-a02101544a08",
              "parentUUID": "f595c2d6-f365-445e-92f4-68e51c5e2e23",
              "isHook": false,
              "skipped": false
            },
            {
              "title": "should return 0 when adding -1 and 1",
              "fullTitle": "add should return 0 when adding -1 and 1",
              "timedOut": false,
              "duration": 0,
              "state": "passed",
              "speed": "fast",
              "pass": true,
              "fail": false,
              "pending": false,
              "context": null,
              "code": "assert.equal(add(-1, 1), 0);",
              "err": {},
              "uuid": "c6e99eec-2b45-4a45-b03f-c640edefc309",
              "parentUUID": "f595c2d6-f365-445e-92f4-68e51c5e2e23",
              "isHook": false,
              "skipped": false
            },
            {
              "title": "should return -3 when adding -1 and -2",
              "fullTitle": "add should return -3 when adding -1 and -2",
              "timedOut": false,
              "duration": 0,
              "state": "passed",
              "speed": "fast",
              "pass": true,
              "fail": false,
              "pending": false,
              "context": null,
              "code": "assert.equal(add(-1, -2), -3);",
              "err": {},
              "uuid": "e0a5d7ad-5703-45d5-bd69-76a561b52eb0",
              "parentUUID": "f595c2d6-f365-445e-92f4-68e51c5e2e23",
              "isHook": false,
              "skipped": false
            },
            {
              "title": "should return 10 when adding 6 and 4",
              "fullTitle": "add should return 10 when adding 6 and 4",
              "timedOut": false,
              "duration": 0,
              "state": "passed",
              "speed": "fast",
              "pass": true,
              "fail": false,
              "pending": false,
              "context": null,
              "code": "assert.equal(add(6, 4), 10);",
              "err": {},
              "uuid": "f5d7d9b4-37f0-414c-8221-6e548ddd3a25",
              "parentUUID": "f595c2d6-f365-445e-92f4-68e51c5e2e23",
              "isHook": false,
              "skipped": false
            },
            {
              "title": "should return 0 when adding 0 and 0",
              "fullTitle": "add should return 0 when adding 0 and 0",
              "timedOut": false,
              "duration": 0,
              "state": "passed",
              "speed": "fast",
              "pass": true,
              "fail": false,
              "pending": false,
              "context": null,
              "code": "assert.equal(add(0, 0), 0);",
              "err": {},
              "uuid": "2d17651a-1dd6-4b7c-bc29-36d76d849ca8",
              "parentUUID": "f595c2d6-f365-445e-92f4-68e51c5e2e23",
              "isHook": false,
              "skipped": false
            }
          ],
          "suites": [],
          "passes": [
            "1aa66d88-e36f-4a52-a8f9-a02101544a08",
            "c6e99eec-2b45-4a45-b03f-c640edefc309",
            "e0a5d7ad-5703-45d5-bd69-76a561b52eb0",
            "f5d7d9b4-37f0-414c-8221-6e548ddd3a25",
            "2d17651a-1dd6-4b7c-bc29-36d76d849ca8"
          ],
          "failures": [],
          "pending": [],
          "skipped": [],
          "duration": 0,
          "root": false,
          "rootEmpty": false,
          "_timeout": 2000
        }
      ],
      "passes": [],
      "failures": [],
      "pending": [],
      "skipped": [],
      "duration": 0,
      "root": true,
      "rootEmpty": true,
      "_timeout": 2000
    }
  ],
  "meta": {
    "mocha": {
      "version": "10.8.2"
    },
    "mochawesome": {
      "options": {
        "quiet": false,
        "reportFilename": "mochawesome",
        "saveHtml": true,
        "saveJson": true,
        "consoleReporter": "spec",
        "useInlineDiffs": false,
        "code": true
      },
      "version": "7.1.3"
    },
    "marge": {
      "options": null,
      "version": "6.2.0"
    }
  }
}