{
  "stats": {
    "suites": 1,
    "tests": 1,
    "passes": 1,
    "pending": 0,
    "failures": 0,
    "start": "2024-11-11T11:39:41.857Z",
    "end": "2024-11-11T11:39:41.859Z",
    "duration": 2,
    "testsRegistered": 1,
    "passPercent": 100,
    "pendingPercent": 0,
    "other": 0,
    "hasOther": false,
    "skipped": 0,
    "hasSkipped": false
  },
  "results": [
    {
      "uuid": "6a8045d6-9b63-4ce3-b9e9-c5b9989a3d26",
      "title": "",
      "fullFile": "/Users/kiti.suupohja/Personal Projects/testingcourse/test/test.test.js",
      "file": "/test/test.test.js",
      "beforeHooks": [],
      "afterHooks": [],
      "tests": [],
      "suites": [
        {
          "uuid": "0bc953a0-ee6b-4f95-a057-65dc07645eb7",
          "title": "test",
          "fullFile": "/Users/kiti.suupohja/Personal Projects/testingcourse/test/test.test.js",
          "file": "/test/test.test.js",
          "beforeHooks": [],
          "afterHooks": [],
          "tests": [
            {
              "title": "should pass",
              "fullTitle": "test should pass",
              "timedOut": false,
              "duration": 0,
              "state": "passed",
              "speed": "fast",
              "pass": true,
              "fail": false,
              "pending": false,
              "context": null,
              "code": "return true;",
              "err": {},
              "uuid": "4ec3521d-57f1-4223-948a-a0595653c5b0",
              "parentUUID": "0bc953a0-ee6b-4f95-a057-65dc07645eb7",
              "isHook": false,
              "skipped": false
            }
          ],
          "suites": [],
          "passes": [
            "4ec3521d-57f1-4223-948a-a0595653c5b0"
          ],
          "failures": [],
          "pending": [],
          "skipped": [],
          "duration": 0,
          "root": false,
          "rootEmpty": false,
          "_timeout": 2000
        }
      ],
      "passes": [],
      "failures": [],
      "pending": [],
      "skipped": [],
      "duration": 0,
      "root": true,
      "rootEmpty": true,
      "_timeout": 2000
    }
  ],
  "meta": {
    "mocha": {
      "version": "10.8.2"
    },
    "mochawesome": {
      "options": {
        "quiet": false,
        "reportFilename": "mochawesome",
        "saveHtml": true,
        "saveJson": true,
        "consoleReporter": "spec",
        "useInlineDiffs": false,
        "code": true
      },
      "version": "7.1.3"
    },
    "marge": {
      "options": null,
      "version": "6.2.0"
    }
  }
}